<?xml version="1.0" encoding="UTF-8"?>
<testsuite name="test.LibraryTest" tests="1" skipped="0" failures="0" errors="0" timestamp="2019-01-18T21:44:14" hostname="Jasons-MacBook-Air.local" time="0.002">
  <properties/>
  <testcase name="testSomeLibraryMethod" classname="test.LibraryTest" time="0.002"/>
  <system-out><![CDATA[]]></system-out>
  <system-err><![CDATA[]]></system-err>
</testsuite>
